<?xml version="1.0" encoding="UTF-8"?>
<testng-results total="1" passed="1" failed="0" skipped="0">
  <reporter-output>
  </reporter-output>
  <suite started-at="2020-02-26T19:07:05Z" name="Default suite" finished-at="2020-02-26T19:07:06Z" duration-ms="137">
    <groups>
    </groups>
    <test started-at="2020-02-26T19:07:05Z" name="Default test" finished-at="2020-02-26T19:07:06Z" duration-ms="137">
      <class name="com.LocalDockerContainer.TestCases.TestCases">
        <test-method signature="mainTest()[pri:0, instance:com.LocalDockerContainer.TestCases.TestCases@4f6b687e]" started-at="2020-02-26T13:07:05Z" name="mainTest" finished-at="2020-02-26T13:07:06Z" duration-ms="49" status="PASS">
          <reporter-output>
          </reporter-output>
        </test-method> <!-- mainTest -->
      </class> <!-- com.LocalDockerContainer.TestCases.TestCases -->
    </test> <!-- Default test -->
  </suite> <!-- Default suite -->
</testng-results>
