<?xml version="1.0" encoding="UTF-8"?>
<testng-results ignored="0" total="1" passed="1" failed="0" skipped="0">
  <reporter-output>
  </reporter-output>
  <suite started-at="2020-02-26T22:00:53 CST" name="Default suite" finished-at="2020-02-26T22:01:13 CST" duration-ms="20783">
    <groups>
    </groups>
    <test started-at="2020-02-26T22:00:53 CST" name="Default test" finished-at="2020-02-26T22:01:13 CST" duration-ms="20783">
      <class name="com.Feb26.TestCases.TC001_LogonAndCreateAProject">
        <test-method is-config="true" signature="beforeSuiteSetup()[pri:0, instance:com.Feb26.TestCases.TC001_LogonAndCreateAProject@6d60899e]" started-at="2020-02-26T22:00:52 CST" name="beforeSuiteSetup" finished-at="2020-02-26T22:00:53 CST" duration-ms="571" status="PASS">
          <reporter-output>
          </reporter-output>
        </test-method> <!-- beforeSuiteSetup -->
        <test-method is-config="true" signature="beforeMethodSetUp()[pri:0, instance:com.Feb26.TestCases.TC001_LogonAndCreateAProject@6d60899e]" started-at="2020-02-26T22:00:53 CST" name="beforeMethodSetUp" finished-at="2020-02-26T22:01:07 CST" duration-ms="14208" status="PASS">
          <reporter-output>
          </reporter-output>
        </test-method> <!-- beforeMethodSetUp -->
        <test-method signature="logonToTodoIst()[pri:0, instance:com.Feb26.TestCases.TC001_LogonAndCreateAProject@6d60899e]" started-at="2020-02-26T22:01:07 CST" name="logonToTodoIst" finished-at="2020-02-26T22:01:13 CST" duration-ms="6460" status="PASS">
          <reporter-output>
          </reporter-output>
        </test-method> <!-- logonToTodoIst -->
        <test-method is-config="true" signature="afterSuiteActions()[pri:0, instance:com.Feb26.TestCases.TC001_LogonAndCreateAProject@6d60899e]" started-at="2020-02-26T22:01:13 CST" name="afterSuiteActions" finished-at="2020-02-26T22:01:14 CST" duration-ms="1045" status="PASS">
          <reporter-output>
          </reporter-output>
        </test-method> <!-- afterSuiteActions -->
      </class> <!-- com.Feb26.TestCases.TC001_LogonAndCreateAProject -->
    </test> <!-- Default test -->
  </suite> <!-- Default suite -->
</testng-results>
